[0416/130710.429:ERROR:process_reader_win.cc(182)] ResumeThread: The parameter is incorrect. (0x57)
[0416/130710.430:ERROR:process_reader_win.cc(151)] SuspendThread: Access is denied. (0x5)
[0416/130710.430:ERROR:process_reader_win.cc(151)] SuspendThread: Access is denied. (0x5)
[0416/130710.430:ERROR:process_reader_win.cc(151)] SuspendThread: Access is denied. (0x5)
[0416/130710.430:ERROR:process_reader_win.cc(151)] SuspendThread: Access is denied. (0x5)
[0416/130710.430:ERROR:process_reader_win.cc(151)] SuspendThread: Access is denied. (0x5)
[0416/130710.430:ERROR:process_reader_win.cc(151)] SuspendThread: Access is denied. (0x5)
[0416/130710.430:ERROR:process_reader_win.cc(151)] SuspendThread: Access is denied. (0x5)
[0416/130710.431:ERROR:process_reader_win.cc(151)] SuspendThread: Access is denied. (0x5)
[0416/130710.431:ERROR:process_reader_win.cc(151)] SuspendThread: Access is denied. (0x5)
[0416/130710.431:ERROR:process_reader_win.cc(151)] SuspendThread: Access is denied. (0x5)
[0416/130710.431:ERROR:process_reader_win.cc(151)] SuspendThread: Access is denied. (0x5)
[0416/130710.431:ERROR:process_reader_win.cc(151)] SuspendThread: Access is denied. (0x5)
[0416/130710.431:ERROR:process_reader_win.cc(151)] SuspendThread: Access is denied. (0x5)
[0416/130710.431:ERROR:process_reader_win.cc(151)] SuspendThread: Access is denied. (0x5)
[0416/130710.431:ERROR:process_reader_win.cc(151)] SuspendThread: Access is denied. (0x5)
[0416/130710.442:ERROR:process_memory_win.cc(73)] ReadMemory at 0x18b792507b0 of 72 bytes failed: Only part of a ReadProcessMemory or WriteProcessMemory request was completed. (0x12B)
[0416/130710.442:WARNING:pe_image_annotations_reader.cc(134)] could not read annotations list object in C:\Program Files (x86)\Google\Chrome\Application\80.0.3987.163\chrome_elf.dll
[0416/130710.443:ERROR:process_memory_win.cc(73)] ReadMemory at 0x18b000a57e0 of 72 bytes failed: Only part of a ReadProcessMemory or WriteProcessMemory request was completed. (0x12B)
[0416/130710.443:WARNING:pe_image_annotations_reader.cc(134)] could not read annotations list object in C:\Program Files (x86)\Google\Chrome\Application\80.0.3987.163\chrome.dll
[0416/130710.474:ERROR:process_memory_win.cc(73)] ReadMemory at 0x7ff780d90000 of 64 bytes failed: Only part of a ReadProcessMemory or WriteProcessMemory request was completed. (0x12B)
[0416/130710.474:WARNING:pe_image_reader.cc(340)] could not read dos header from C:\Program Files (x86)\Google\Chrome\Application\chrome.exe
[0416/130710.474:ERROR:process_memory_win.cc(73)] ReadMemory at 0x7fff3e7c0000 of 64 bytes failed: Only part of a ReadProcessMemory or WriteProcessMemory request was completed. (0x12B)
[0416/130710.474:WARNING:pe_image_reader.cc(340)] could not read dos header from C:\WINDOWS\SYSTEM32\ntdll.dll
[0416/130710.474:ERROR:process_memory_win.cc(73)] ReadMemory at 0x7fff3cd40000 of 64 bytes failed: Only part of a ReadProcessMemory or WriteProcessMemory request was completed. (0x12B)
[0416/130710.474:WARNING:pe_image_reader.cc(340)] could not read dos header from C:\WINDOWS\System32\KERNEL32.DLL
[0416/130710.474:ERROR:process_memory_win.cc(73)] ReadMemory at 0x7fff3c030000 of 64 bytes failed: Only part of a ReadProcessMemory or WriteProcessMemory request was completed. (0x12B)
[0416/130710.474:WARNING:pe_image_reader.cc(340)] could not read dos header from C:\WINDOWS\System32\KERNELBASE.dll
[0416/130710.475:ERROR:process_memory_win.cc(73)] ReadMemory at 0x7ffeff9f0000 of 64 bytes failed: Only part of a ReadProcessMemory or WriteProcessMemory request was completed. (0x12B)
[0416/130710.475:WARNING:pe_image_reader.cc(340)] could not read dos header from C:\Program Files (x86)\Google\Chrome\Application\80.0.3987.163\chrome_elf.dll
[0416/130710.475:ERROR:process_memory_win.cc(73)] ReadMemory at 0x7fff36630000 of 64 bytes failed: Only part of a ReadProcessMemory or WriteProcessMemory request was completed. (0x12B)
[0416/130710.475:WARNING:pe_image_reader.cc(340)] could not read dos header from C:\WINDOWS\SYSTEM32\VERSION.dll
[0416/130710.475:ERROR:process_memory_win.cc(73)] ReadMemory at 0x7fff3cca0000 of 64 bytes failed: Only part of a ReadProcessMemory or WriteProcessMemory request was completed. (0x12B)
[0416/130710.475:WARNING:pe_image_reader.cc(340)] could not read dos header from C:\WINDOWS\System32\msvcrt.dll
[0416/130710.475:ERROR:process_memory_win.cc(73)] ReadMemory at 0x7fff3c430000 of 64 bytes failed: Only part of a ReadProcessMemory or WriteProcessMemory request was completed. (0x12B)
[0416/130710.475:WARNING:pe_image_reader.cc(340)] could not read dos header from C:\WINDOWS\System32\bcryptPrimitives.dll
[0416/130710.475:ERROR:process_memory_win.cc(73)] ReadMemory at 0x7fff3cbf0000 of 64 bytes failed: Only part of a ReadProcessMemory or WriteProcessMemory request was completed. (0x12B)
[0416/130710.475:WARNING:pe_image_reader.cc(340)] could not read dos header from C:\WINDOWS\System32\ADVAPI32.dll
[0416/130710.475:ERROR:process_memory_win.cc(73)] ReadMemory at 0x7fff3d910000 of 64 bytes failed: Only part of a ReadProcessMemory or WriteProcessMemory request was completed. (0x12B)
[0416/130710.475:WARNING:pe_image_reader.cc(340)] could not read dos header from C:\WINDOWS\System32\sechost.dll
[0416/130710.475:ERROR:process_memory_win.cc(73)] ReadMemory at 0x7fff3cfc0000 of 64 bytes failed: Only part of a ReadProcessMemory or WriteProcessMemory request was completed. (0x12B)
[0416/130710.475:WARNING:pe_image_reader.cc(340)] could not read dos header from C:\WINDOWS\System32\RPCRT4.dll
[0416/130710.475:ERROR:process_memory_win.cc(73)] ReadMemory at 0x7ffed2ca0000 of 64 bytes failed: Only part of a ReadProcessMemory or WriteProcessMemory request was completed. (0x12B)
[0416/130710.475:WARNING:pe_image_reader.cc(340)] could not read dos header from C:\Program Files (x86)\Google\Chrome\Application\80.0.3987.163\chrome.dll
[0416/130710.475:ERROR:process_memory_win.cc(73)] ReadMemory at 0x7fff3d9b0000 of 64 bytes failed: Only part of a ReadProcessMemory or WriteProcessMemory request was completed. (0x12B)
[0416/130710.475:WARNING:pe_image_reader.cc(340)] could not read dos header from C:\WINDOWS\System32\WS2_32.dll
[0416/130710.475:ERROR:process_memory_win.cc(73)] ReadMemory at 0x7fff3cac0000 of 64 bytes failed: Only part of a ReadProcessMemory or WriteProcessMemory request was completed. (0x12B)
[0416/130710.475:WARNING:pe_image_reader.cc(340)] could not read dos header from C:\WINDOWS\System32\OLEAUT32.dll
[0416/130710.475:ERROR:process_memory_win.cc(73)] ReadMemory at 0x7fff3c4b0000 of 64 bytes failed: Only part of a ReadProcessMemory or WriteProcessMemory request was completed. (0x12B)
[0416/130710.475:WARNING:pe_image_reader.cc(340)] could not read dos header from C:\WINDOWS\System32\msvcp_win.dll
[0416/130710.475:ERROR:process_memory_win.cc(73)] ReadMemory at 0x7fff3c550000 of 64 bytes failed: Only part of a ReadProcessMemory or WriteProcessMemory request was completed. (0x12B)
[0416/130710.475:WARNING:pe_image_reader.cc(340)] could not read dos header from C:\WINDOWS\System32\ucrtbase.dll
[0416/130710.475:ERROR:process_memory_win.cc(73)] ReadMemory at 0x7fff3da20000 of 64 bytes failed: Only part of a ReadProcessMemory or WriteProcessMemory request was completed. (0x12B)
[0416/130710.475:WARNING:pe_image_reader.cc(340)] could not read dos header from C:\WINDOWS\System32\combase.dll
[0416/130710.475:ERROR:process_memory_win.cc(73)] ReadMemory at 0x7fff3bf80000 of 64 bytes failed: Only part of a ReadProcessMemory or WriteProcessMemory request was completed. (0x12B)
[0416/130710.475:WARNING:pe_image_reader.cc(340)] could not read dos header from C:\WINDOWS\System32\WINTRUST.dll
[0416/130710.475:ERROR:process_memory_win.cc(73)] ReadMemory at 0x7fff3b700000 of 64 bytes failed: Only part of a ReadProcessMemory or WriteProcessMemory request was completed. (0x12B)
[0416/130710.475:WARNING:pe_image_reader.cc(340)] could not read dos header from C:\WINDOWS\System32\MSASN1.dll
[0416/130710.475:ERROR:process_memory_win.cc(73)] ReadMemory at 0x7fff3c2e0000 of 64 bytes failed: Only part of a ReadProcessMemory or WriteProcessMemory request was completed. (0x12B)
[0416/130710.475:WARNING:pe_image_reader.cc(340)] could not read dos header from C:\WINDOWS\System32\CRYPT32.dll
[0416/130710.476:ERROR:process_memory_win.cc(73)] ReadMemory at 0x7fff3aba0000 of 64 bytes failed: Only part of a ReadProcessMemory or WriteProcessMemory request was completed. (0x12B)
[0416/130710.476:WARNING:pe_image_reader.cc(340)] could not read dos header from C:\WINDOWS\SYSTEM32\IPHLPAPI.DLL
[0416/130710.476:ERROR:process_memory_win.cc(73)] ReadMemory at 0x7fff39610000 of 64 bytes failed: Only part of a ReadProcessMemory or WriteProcessMemory request was completed. (0x12B)
[0416/130710.476:WARNING:pe_image_reader.cc(340)] could not read dos header from C:\WINDOWS\SYSTEM32\WINMM.dll
[0416/130710.476:ERROR:process_memory_win.cc(73)] ReadMemory at 0x7fff2de10000 of 64 bytes failed: Only part of a ReadProcessMemory or WriteProcessMemory request was completed. (0x12B)
[0416/130710.476:WARNING:pe_image_reader.cc(340)] could not read dos header from C:\WINDOWS\SYSTEM32\Secur32.dll
[0416/130710.476:ERROR:process_memory_win.cc(73)] ReadMemory at 0x7fff3b5a0000 of 64 bytes failed: Only part of a ReadProcessMemory or WriteProcessMemory request was completed. (0x12B)
[0416/130710.476:WARNING:pe_image_reader.cc(340)] could not read dos header from C:\WINDOWS\SYSTEM32\USERENV.dll
[0416/130710.476:ERROR:process_memory_win.cc(73)] ReadMemory at 0x7fff3b720000 of 64 bytes failed: Only part of a ReadProcessMemory or WriteProcessMemory request was completed. (0x12B)
[0416/130710.476:WARNING:pe_image_reader.cc(340)] could not read dos header from C:\WINDOWS\System32\profapi.dll
[0416/130710.476:ERROR:process_memory_win.cc(73)] ReadMemory at 0x7fff06660000 of 64 bytes failed: Only part of a ReadProcessMemory or WriteProcessMemory request was completed. (0x12B)
[0416/130710.476:WARNING:pe_image_reader.cc(340)] could not read dos header from C:\WINDOWS\SYSTEM32\UIAutomationCore.DLL
[0416/130710.476:ERROR:process_memory_win.cc(73)] ReadMemory at 0x7fff11680000 of 64 bytes failed: Only part of a ReadProcessMemory or WriteProcessMemory request was completed. (0x12B)
[0416/130710.476:WARNING:pe_image_reader.cc(340)] could not read dos header from C:\WINDOWS\SYSTEM32\DWrite.dll
[0416/130710.476:ERROR:process_memory_win.cc(73)] ReadMemory at 0x7fff29a50000 of 64 bytes failed: Only part of a ReadProcessMemory or WriteProcessMemory request was completed. (0x12B)
[0416/130710.476:WARNING:pe_image_reader.cc(340)] could not read dos header from C:\WINDOWS\SYSTEM32\WINSPOOL.DRV
[0416/130710.476:ERROR:process_memory_win.cc(73)] ReadMemory at 0x7fff3b6e0000 of 64 bytes failed: Only part of a ReadProcessMemory or WriteProcessMemory request was completed. (0x12B)
[0416/130710.476:WARNING:pe_image_reader.cc(340)] could not read dos header from C:\WINDOWS\System32\kernel.appcore.dll
[0416/130710.476:ERROR:process_memory_win.cc(73)] ReadMemory at 0x7fff3c650000 of 64 bytes failed: Only part of a ReadProcessMemory or WriteProcessMemory request was completed. (0x12B)
[0416/130710.476:WARNING:pe_image_reader.cc(340)] could not read dos header from C:\WINDOWS\System32\bcrypt.dll
[0416/130710.476:ERROR:process_memory_win.cc(73)] ReadMemory at 0x7fff292f0000 of 64 bytes failed: Only part of a ReadProcessMemory or WriteProcessMemory request was completed. (0x12B)
[0416/130710.476:WARNING:pe_image_reader.cc(340)] could not read dos header from C:\WINDOWS\SYSTEM32\dbghelp.dll
[0416/130710.476:ERROR:process_memory_win.cc(73)] ReadMemory at 0x7fff2f850000 of 64 bytes failed: Only part of a ReadProcessMemory or WriteProcessMemory request was completed. (0x12B)
[0416/130710.476:WARNING:pe_image_reader.cc(340)] could not read dos header from C:\WINDOWS\SYSTEM32\WINHTTP.dll
[0416/130710.476:ERROR:process_memory_win.cc(73)] ReadMemory at 0x7fff359e0000 of 64 bytes failed: Only part of a ReadProcessMemory or WriteProcessMemory request was completed. (0x12B)
[0416/130710.476:WARNING:pe_image_reader.cc(340)] could not read dos header from C:\WINDOWS\SYSTEM32\dhcpcsvc.DLL
[0416/130710.476:ERROR:process_memory_win.cc(73)] ReadMemory at 0x7fff3e700000 of 64 bytes failed: Only part of a ReadProcessMemory or WriteProcessMemory request was completed. (0x12B)
[0416/130710.476:WARNING:pe_image_reader.cc(340)] could not read dos header from C:\WINDOWS\System32\NSI.dll
[0416/130710.476:ERROR:process_memory_win.cc(73)] ReadMemory at 0x7fff39500000 of 64 bytes failed: Only part of a ReadProcessMemory or WriteProcessMemory request was completed. (0x12B)
[0416/130710.477:WARNING:pe_image_reader.cc(340)] could not read dos header from C:\WINDOWS\SYSTEM32\WINMMBASE.dll
[0416/130710.477:ERROR:process_memory_win.cc(73)] ReadMemory at 0x7fff3c680000 of 64 bytes failed: Only part of a ReadProcessMemory or WriteProcessMemory request was completed. (0x12B)
[0416/130710.477:WARNING:pe_image_reader.cc(340)] could not read dos header from C:\WINDOWS\System32\cfgmgr32.dll
[0416/130710.477:ERROR:process_memory_win.cc(73)] ReadMemory at 0x7fff38020000 of 64 bytes failed: Only part of a ReadProcessMemory or WriteProcessMemory request was completed. (0x12B)
[0416/130710.477:WARNING:pe_image_reader.cc(340)] could not read dos header from C:\WINDOWS\SYSTEM32\PROPSYS.dll
[0416/130710.477:ERROR:process_memory_win.cc(73)] ReadMemory at 0x7fff3d2a0000 of 64 bytes failed: Only part of a ReadProcessMemory or WriteProcessMemory request was completed. (0x12B)
[0416/130710.477:WARNING:pe_image_reader.cc(340)] could not read dos header from C:\WINDOWS\System32\shcore.dll
[0416/130710.477:ERROR:process_memory_win.cc(73)] ReadMemory at 0x7fff3b570000 of 64 bytes failed: Only part of a ReadProcessMemory or WriteProcessMemory request was completed. (0x12B)
[0416/130710.477:WARNING:pe_image_reader.cc(340)] could not read dos header from C:\WINDOWS\SYSTEM32\SSPICLI.DLL
[0416/130710.477:ERROR:process_memory_win.cc(73)] ReadMemory at 0x7fff3b060000 of 64 bytes failed: Only part of a ReadProcessMemory or WriteProcessMemory request was completed. (0x12B)
[0416/130710.477:WARNING:pe_image_reader.cc(340)] could not read dos header from C:\WINDOWS\SYSTEM32\CRYPTBASE.DLL
[0416/130710.477:ERROR:process_memory_win.cc(73)] ReadMemory at 0x7ff780d90000 of 64 bytes failed: Only part of a ReadProcessMemory or WriteProcessMemory request was completed. (0x12B)
[0416/130710.477:WARNING:pe_image_reader.cc(340)] could not read dos header from C:\Program Files (x86)\Google\Chrome\Application\chrome.exe
[0416/130710.477:ERROR:process_memory_win.cc(73)] ReadMemory at 0x7fff3e7c0000 of 64 bytes failed: Only part of a ReadProcessMemory or WriteProcessMemory request was completed. (0x12B)
[0416/130710.477:WARNING:pe_image_reader.cc(340)] could not read dos header from C:\WINDOWS\SYSTEM32\ntdll.dll
[0416/130710.477:ERROR:process_memory_win.cc(73)] ReadMemory at 0x7fff3cd40000 of 64 bytes failed: Only part of a ReadProcessMemory or WriteProcessMemory request was completed. (0x12B)
[0416/130710.477:WARNING:pe_image_reader.cc(340)] could not read dos header from C:\WINDOWS\System32\KERNEL32.DLL
[0416/130710.477:ERROR:process_memory_win.cc(73)] ReadMemory at 0x7fff3c030000 of 64 bytes failed: Only part of a ReadProcessMemory or WriteProcessMemory request was completed. (0x12B)
[0416/130710.477:WARNING:pe_image_reader.cc(340)] could not read dos header from C:\WINDOWS\System32\KERNELBASE.dll
[0416/130710.477:ERROR:process_memory_win.cc(73)] ReadMemory at 0x7ffeff9f0000 of 64 bytes failed: Only part of a ReadProcessMemory or WriteProcessMemory request was completed. (0x12B)
[0416/130710.477:WARNING:pe_image_reader.cc(340)] could not read dos header from C:\Program Files (x86)\Google\Chrome\Application\80.0.3987.163\chrome_elf.dll
[0416/130710.477:ERROR:process_memory_win.cc(73)] ReadMemory at 0x7fff36630000 of 64 bytes failed: Only part of a ReadProcessMemory or WriteProcessMemory request was completed. (0x12B)
[0416/130710.477:WARNING:pe_image_reader.cc(340)] could not read dos header from C:\WINDOWS\SYSTEM32\VERSION.dll
[0416/130710.477:ERROR:process_memory_win.cc(73)] ReadMemory at 0x7fff3cca0000 of 64 bytes failed: Only part of a ReadProcessMemory or WriteProcessMemory request was completed. (0x12B)
[0416/130710.477:WARNING:pe_image_reader.cc(340)] could not read dos header from C:\WINDOWS\System32\msvcrt.dll
[0416/130710.477:ERROR:process_memory_win.cc(73)] ReadMemory at 0x7fff3c430000 of 64 bytes failed: Only part of a ReadProcessMemory or WriteProcessMemory request was completed. (0x12B)
[0416/130710.477:WARNING:pe_image_reader.cc(340)] could not read dos header from C:\WINDOWS\System32\bcryptPrimitives.dll
[0416/130710.477:ERROR:process_memory_win.cc(73)] ReadMemory at 0x7fff3cbf0000 of 64 bytes failed: Only part of a ReadProcessMemory or WriteProcessMemory request was completed. (0x12B)
[0416/130710.478:WARNING:pe_image_reader.cc(340)] could not read dos header from C:\WINDOWS\System32\ADVAPI32.dll
[0416/130710.478:ERROR:process_memory_win.cc(73)] ReadMemory at 0x7fff3d910000 of 64 bytes failed: Only part of a ReadProcessMemory or WriteProcessMemory request was completed. (0x12B)
[0416/130710.478:WARNING:pe_image_reader.cc(340)] could not read dos header from C:\WINDOWS\System32\sechost.dll
[0416/130710.478:ERROR:process_memory_win.cc(73)] ReadMemory at 0x7fff3cfc0000 of 64 bytes failed: Only part of a ReadProcessMemory or WriteProcessMemory request was completed. (0x12B)
[0416/130710.478:WARNING:pe_image_reader.cc(340)] could not read dos header from C:\WINDOWS\System32\RPCRT4.dll
[0416/130710.478:ERROR:process_memory_win.cc(73)] ReadMemory at 0x7ffed2ca0000 of 64 bytes failed: Only part of a ReadProcessMemory or WriteProcessMemory request was completed. (0x12B)
[0416/130710.478:WARNING:pe_image_reader.cc(340)] could not read dos header from C:\Program Files (x86)\Google\Chrome\Application\80.0.3987.163\chrome.dll
[0416/130710.478:ERROR:process_memory_win.cc(73)] ReadMemory at 0x7fff3d9b0000 of 64 bytes failed: Only part of a ReadProcessMemory or WriteProcessMemory request was completed. (0x12B)
[0416/130710.478:WARNING:pe_image_reader.cc(340)] could not read dos header from C:\WINDOWS\System32\WS2_32.dll
[0416/130710.478:ERROR:process_memory_win.cc(73)] ReadMemory at 0x7fff3cac0000 of 64 bytes failed: Only part of a ReadProcessMemory or WriteProcessMemory request was completed. (0x12B)
[0416/130710.478:WARNING:pe_image_reader.cc(340)] could not read dos header from C:\WINDOWS\System32\OLEAUT32.dll
[0416/130710.478:ERROR:process_memory_win.cc(73)] ReadMemory at 0x7fff3c4b0000 of 64 bytes failed: Only part of a ReadProcessMemory or WriteProcessMemory request was completed. (0x12B)
[0416/130710.478:WARNING:pe_image_reader.cc(340)] could not read dos header from C:\WINDOWS\System32\msvcp_win.dll
[0416/130710.478:ERROR:process_memory_win.cc(73)] ReadMemory at 0x7fff3c550000 of 64 bytes failed: Only part of a ReadProcessMemory or WriteProcessMemory request was completed. (0x12B)
[0416/130710.478:WARNING:pe_image_reader.cc(340)] could not read dos header from C:\WINDOWS\System32\ucrtbase.dll
[0416/130710.478:ERROR:process_memory_win.cc(73)] ReadMemory at 0x7fff3da20000 of 64 bytes failed: Only part of a ReadProcessMemory or WriteProcessMemory request was completed. (0x12B)
[0416/130710.478:WARNING:pe_image_reader.cc(340)] could not read dos header from C:\WINDOWS\System32\combase.dll
[0416/130710.478:ERROR:process_memory_win.cc(73)] ReadMemory at 0x7fff3bf80000 of 64 bytes failed: Only part of a ReadProcessMemory or WriteProcessMemory request was completed. (0x12B)
[0416/130710.478:WARNING:pe_image_reader.cc(340)] could not read dos header from C:\WINDOWS\System32\WINTRUST.dll
[0416/130710.478:ERROR:process_memory_win.cc(73)] ReadMemory at 0x7fff3b700000 of 64 bytes failed: Only part of a ReadProcessMemory or WriteProcessMemory request was completed. (0x12B)
[0416/130710.478:WARNING:pe_image_reader.cc(340)] could not read dos header from C:\WINDOWS\System32\MSASN1.dll
[0416/130710.478:ERROR:process_memory_win.cc(73)] ReadMemory at 0x7fff3c2e0000 of 64 bytes failed: Only part of a ReadProcessMemory or WriteProcessMemory request was completed. (0x12B)
[0416/130710.478:WARNING:pe_image_reader.cc(340)] could not read dos header from C:\WINDOWS\System32\CRYPT32.dll
[0416/130710.478:ERROR:process_memory_win.cc(73)] ReadMemory at 0x7fff3aba0000 of 64 bytes failed: Only part of a ReadProcessMemory or WriteProcessMemory request was completed. (0x12B)
[0416/130710.478:WARNING:pe_image_reader.cc(340)] could not read dos header from C:\WINDOWS\SYSTEM32\IPHLPAPI.DLL
[0416/130710.478:ERROR:process_memory_win.cc(73)] ReadMemory at 0x7fff39610000 of 64 bytes failed: Only part of a ReadProcessMemory or WriteProcessMemory request was completed. (0x12B)
[0416/130710.478:WARNING:pe_image_reader.cc(340)] could not read dos header from C:\WINDOWS\SYSTEM32\WINMM.dll
[0416/130710.478:ERROR:process_memory_win.cc(73)] ReadMemory at 0x7fff2de10000 of 64 bytes failed: Only part of a ReadProcessMemory or WriteProcessMemory request was completed. (0x12B)
[0416/130710.478:WARNING:pe_image_reader.cc(340)] could not read dos header from C:\WINDOWS\SYSTEM32\Secur32.dll
[0416/130710.478:ERROR:process_memory_win.cc(73)] ReadMemory at 0x7fff3b5a0000 of 64 bytes failed: Only part of a ReadProcessMemory or WriteProcessMemory request was completed. (0x12B)
[0416/130710.478:WARNING:pe_image_reader.cc(340)] could not read dos header from C:\WINDOWS\SYSTEM32\USERENV.dll
[0416/130710.479:ERROR:process_memory_win.cc(73)] ReadMemory at 0x7fff3b720000 of 64 bytes failed: Only part of a ReadProcessMemory or WriteProcessMemory request was completed. (0x12B)
[0416/130710.479:WARNING:pe_image_reader.cc(340)] could not read dos header from C:\WINDOWS\System32\profapi.dll
[0416/130710.479:ERROR:process_memory_win.cc(73)] ReadMemory at 0x7fff06660000 of 64 bytes failed: Only part of a ReadProcessMemory or WriteProcessMemory request was completed. (0x12B)
[0416/130710.479:WARNING:pe_image_reader.cc(340)] could not read dos header from C:\WINDOWS\SYSTEM32\UIAutomationCore.DLL
[0416/130710.479:ERROR:process_memory_win.cc(73)] ReadMemory at 0x7fff11680000 of 64 bytes failed: Only part of a ReadProcessMemory or WriteProcessMemory request was completed. (0x12B)
[0416/130710.479:WARNING:pe_image_reader.cc(340)] could not read dos header from C:\WINDOWS\SYSTEM32\DWrite.dll
[0416/130710.479:ERROR:process_memory_win.cc(73)] ReadMemory at 0x7fff29a50000 of 64 bytes failed: Only part of a ReadProcessMemory or WriteProcessMemory request was completed. (0x12B)
[0416/130710.479:WARNING:pe_image_reader.cc(340)] could not read dos header from C:\WINDOWS\SYSTEM32\WINSPOOL.DRV
[0416/130710.479:ERROR:process_memory_win.cc(73)] ReadMemory at 0x7fff3b6e0000 of 64 bytes failed: Only part of a ReadProcessMemory or WriteProcessMemory request was completed. (0x12B)
[0416/130710.479:WARNING:pe_image_reader.cc(340)] could not read dos header from C:\WINDOWS\System32\kernel.appcore.dll
[0416/130710.479:ERROR:process_memory_win.cc(73)] ReadMemory at 0x7fff3c650000 of 64 bytes failed: Only part of a ReadProcessMemory or WriteProcessMemory request was completed. (0x12B)
[0416/130710.479:WARNING:pe_image_reader.cc(340)] could not read dos header from C:\WINDOWS\System32\bcrypt.dll
[0416/130710.479:ERROR:process_memory_win.cc(73)] ReadMemory at 0x7fff292f0000 of 64 bytes failed: Only part of a ReadProcessMemory or WriteProcessMemory request was completed. (0x12B)
[0416/130710.479:WARNING:pe_image_reader.cc(340)] could not read dos header from C:\WINDOWS\SYSTEM32\dbghelp.dll
[0416/130710.479:ERROR:process_memory_win.cc(73)] ReadMemory at 0x7fff2f850000 of 64 bytes failed: Only part of a ReadProcessMemory or WriteProcessMemory request was completed. (0x12B)
[0416/130710.479:WARNING:pe_image_reader.cc(340)] could not read dos header from C:\WINDOWS\SYSTEM32\WINHTTP.dll
[0416/130710.479:ERROR:process_memory_win.cc(73)] ReadMemory at 0x7fff359e0000 of 64 bytes failed: Only part of a ReadProcessMemory or WriteProcessMemory request was completed. (0x12B)
[0416/130710.479:WARNING:pe_image_reader.cc(340)] could not read dos header from C:\WINDOWS\SYSTEM32\dhcpcsvc.DLL
[0416/130710.479:ERROR:process_memory_win.cc(73)] ReadMemory at 0x7fff3e700000 of 64 bytes failed: Only part of a ReadProcessMemory or WriteProcessMemory request was completed. (0x12B)
[0416/130710.479:WARNING:pe_image_reader.cc(340)] could not read dos header from C:\WINDOWS\System32\NSI.dll
[0416/130710.480:ERROR:process_memory_win.cc(73)] ReadMemory at 0x7fff39500000 of 64 bytes failed: Only part of a ReadProcessMemory or WriteProcessMemory request was completed. (0x12B)
[0416/130710.480:WARNING:pe_image_reader.cc(340)] could not read dos header from C:\WINDOWS\SYSTEM32\WINMMBASE.dll
[0416/130710.480:ERROR:process_memory_win.cc(73)] ReadMemory at 0x7fff3c680000 of 64 bytes failed: Only part of a ReadProcessMemory or WriteProcessMemory request was completed. (0x12B)
[0416/130710.480:WARNING:pe_image_reader.cc(340)] could not read dos header from C:\WINDOWS\System32\cfgmgr32.dll
[0416/130710.480:ERROR:process_memory_win.cc(73)] ReadMemory at 0x7fff38020000 of 64 bytes failed: Only part of a ReadProcessMemory or WriteProcessMemory request was completed. (0x12B)
[0416/130710.480:WARNING:pe_image_reader.cc(340)] could not read dos header from C:\WINDOWS\SYSTEM32\PROPSYS.dll
[0416/130710.480:ERROR:process_memory_win.cc(73)] ReadMemory at 0x7fff3d2a0000 of 64 bytes failed: Only part of a ReadProcessMemory or WriteProcessMemory request was completed. (0x12B)
[0416/130710.480:WARNING:pe_image_reader.cc(340)] could not read dos header from C:\WINDOWS\System32\shcore.dll
[0416/130710.480:ERROR:process_memory_win.cc(73)] ReadMemory at 0x7fff3b570000 of 64 bytes failed: Only part of a ReadProcessMemory or WriteProcessMemory request was completed. (0x12B)
[0416/130710.480:WARNING:pe_image_reader.cc(340)] could not read dos header from C:\WINDOWS\SYSTEM32\SSPICLI.DLL
[0416/130710.480:ERROR:process_memory_win.cc(73)] ReadMemory at 0x7fff3b060000 of 64 bytes failed: Only part of a ReadProcessMemory or WriteProcessMemory request was completed. (0x12B)
[0416/130710.480:WARNING:pe_image_reader.cc(340)] could not read dos header from C:\WINDOWS\SYSTEM32\CRYPTBASE.DLL
[0416/130710.496:ERROR:process_memory_win.cc(73)] ReadMemory at 0x22c31f5000 of 45056 bytes failed: Only part of a ReadProcessMemory or WriteProcessMemory request was completed. (0x12B)
[0416/130710.496:ERROR:process_memory_win.cc(73)] ReadMemory at 0x22c39fd000 of 12288 bytes failed: Only part of a ReadProcessMemory or WriteProcessMemory request was completed. (0x12B)
[0416/130710.496:ERROR:process_memory_win.cc(73)] ReadMemory at 0x22c41f7000 of 36864 bytes failed: Only part of a ReadProcessMemory or WriteProcessMemory request was completed. (0x12B)
[0416/130710.497:ERROR:process_memory_win.cc(73)] ReadMemory at 0x22c49fd000 of 12288 bytes failed: Only part of a ReadProcessMemory or WriteProcessMemory request was completed. (0x12B)
[0416/130710.497:ERROR:process_memory_win.cc(73)] ReadMemory at 0x22c51fb000 of 20480 bytes failed: Only part of a ReadProcessMemory or WriteProcessMemory request was completed. (0x12B)
[0416/130710.497:ERROR:process_memory_win.cc(73)] ReadMemory at 0x22c59fe000 of 8192 bytes failed: Only part of a ReadProcessMemory or WriteProcessMemory request was completed. (0x12B)
[0416/130710.497:ERROR:process_memory_win.cc(73)] ReadMemory at 0x22c61fd000 of 12288 bytes failed: Only part of a ReadProcessMemory or WriteProcessMemory request was completed. (0x12B)
[0416/130710.497:ERROR:process_memory_win.cc(73)] ReadMemory at 0x22c28b7000 of 852 bytes failed: Only part of a ReadProcessMemory or WriteProcessMemory request was completed. (0x12B)
[0416/130710.497:ERROR:process_memory_win.cc(73)] ReadMemory at 0x22c28b8000 of 6024 bytes failed: Only part of a ReadProcessMemory or WriteProcessMemory request was completed. (0x12B)
[0416/130710.497:ERROR:process_memory_win.cc(73)] ReadMemory at 0x22c28ba000 of 6024 bytes failed: Only part of a ReadProcessMemory or WriteProcessMemory request was completed. (0x12B)
[0416/130710.497:ERROR:process_memory_win.cc(73)] ReadMemory at 0x22c28bc000 of 6024 bytes failed: Only part of a ReadProcessMemory or WriteProcessMemory request was completed. (0x12B)
[0416/130710.497:ERROR:process_memory_win.cc(73)] ReadMemory at 0x22c28be000 of 6024 bytes failed: Only part of a ReadProcessMemory or WriteProcessMemory request was completed. (0x12B)
[0416/130710.497:ERROR:process_memory_win.cc(73)] ReadMemory at 0x22c28c0000 of 6024 bytes failed: Only part of a ReadProcessMemory or WriteProcessMemory request was completed. (0x12B)
[0416/130710.497:ERROR:process_memory_win.cc(73)] ReadMemory at 0x22c28c2000 of 6024 bytes failed: Only part of a ReadProcessMemory or WriteProcessMemory request was completed. (0x12B)
[0416/130710.497:ERROR:process_memory_win.cc(73)] ReadMemory at 0x22c28c4000 of 6024 bytes failed: Only part of a ReadProcessMemory or WriteProcessMemory request was completed. (0x12B)
[0416/130710.498:ERROR:process_memory_win.cc(73)] ReadMemory at 0x18b000dfdf0 of 512 bytes failed: Only part of a ReadProcessMemory or WriteProcessMemory request was completed. (0x12B)
[0416/130710.498:ERROR:process_memory_win.cc(73)] ReadMemory at 0x18b000e1010 of 512 bytes failed: Only part of a ReadProcessMemory or WriteProcessMemory request was completed. (0x12B)
[0416/130710.498:ERROR:process_memory_win.cc(73)] ReadMemory at 0x18b000e2050 of 512 bytes failed: Only part of a ReadProcessMemory or WriteProcessMemory request was completed. (0x12B)
[0416/130710.498:ERROR:process_memory_win.cc(73)] ReadMemory at 0x18b000e5a90 of 512 bytes failed: Only part of a ReadProcessMemory or WriteProcessMemory request was completed. (0x12B)
[0416/130710.498:ERROR:process_memory_win.cc(73)] ReadMemory at 0x18b000e6750 of 512 bytes failed: Only part of a ReadProcessMemory or WriteProcessMemory request was completed. (0x12B)
[0416/130710.498:ERROR:process_memory_win.cc(73)] ReadMemory at 0x18b000fe000 of 512 bytes failed: Only part of a ReadProcessMemory or WriteProcessMemory request was completed. (0x12B)
[0416/130710.498:ERROR:process_memory_win.cc(73)] ReadMemory at 0x18b00109f20 of 512 bytes failed: Only part of a ReadProcessMemory or WriteProcessMemory request was completed. (0x12B)
[0416/130710.498:ERROR:process_memory_win.cc(73)] ReadMemory at 0x18b00210000 of 384 bytes failed: Only part of a ReadProcessMemory or WriteProcessMemory request was completed. (0x12B)
[0416/130710.498:ERROR:process_memory_win.cc(73)] ReadMemory at 0x18b78fe0750 of 80 bytes failed: Only part of a ReadProcessMemory or WriteProcessMemory request was completed. (0x12B)
[0416/130710.498:ERROR:process_memory_win.cc(73)] ReadMemory at 0x18b78fe0fe0 of 7992 bytes failed: Only part of a ReadProcessMemory or WriteProcessMemory request was completed. (0x12B)
[0416/130710.498:ERROR:process_memory_win.cc(73)] ReadMemory at 0x18b78fe2f20 of 1012 bytes failed: Only part of a ReadProcessMemory or WriteProcessMemory request was completed. (0x12B)
[0416/130710.498:ERROR:process_memory_win.cc(73)] ReadMemory at 0x18b78fe3568 of 118 bytes failed: Only part of a ReadProcessMemory or WriteProcessMemory request was completed. (0x12B)
[0416/130710.498:ERROR:process_memory_win.cc(73)] ReadMemory at 0x18b78fe35e0 of 758 bytes failed: Only part of a ReadProcessMemory or WriteProcessMemory request was completed. (0x12B)
[0416/130710.498:ERROR:process_memory_win.cc(73)] ReadMemory at 0x18b78fe38d8 of 118 bytes failed: Only part of a ReadProcessMemory or WriteProcessMemory request was completed. (0x12B)
[0416/130710.498:ERROR:process_memory_win.cc(73)] ReadMemory at 0x18b78fe3950 of 96 bytes failed: Only part of a ReadProcessMemory or WriteProcessMemory request was completed. (0x12B)
[0416/130710.499:ERROR:process_memory_win.cc(73)] ReadMemory at 0x18b78fe39c0 of 58 bytes failed: Only part of a ReadProcessMemory or WriteProcessMemory request was completed. (0x12B)
[0416/130710.499:ERROR:process_memory_win.cc(73)] ReadMemory at 0x18b78fe3ac0 of 132 bytes failed: Only part of a ReadProcessMemory or WriteProcessMemory request was completed. (0x12B)
[0416/130710.499:ERROR:process_memory_win.cc(73)] ReadMemory at 0x18b78fe3c50 of 132 bytes failed: Only part of a ReadProcessMemory or WriteProcessMemory request was completed. (0x12B)
[0416/130710.499:ERROR:process_memory_win.cc(73)] ReadMemory at 0x18b78fe3e10 of 126 bytes failed: Only part of a ReadProcessMemory or WriteProcessMemory request was completed. (0x12B)
[0416/130710.499:ERROR:process_memory_win.cc(73)] ReadMemory at 0x18b78fe41f0 of 132 bytes failed: Only part of a ReadProcessMemory or WriteProcessMemory request was completed. (0x12B)
[0416/130710.499:ERROR:process_memory_win.cc(73)] ReadMemory at 0x18b78fe4380 of 64 bytes failed: Only part of a ReadProcessMemory or WriteProcessMemory request was completed. (0x12B)
[0416/130710.499:ERROR:process_memory_win.cc(73)] ReadMemory at 0x18b78fe43d0 of 132 bytes failed: Only part of a ReadProcessMemory or WriteProcessMemory request was completed. (0x12B)
[0416/130710.499:ERROR:process_memory_win.cc(73)] ReadMemory at 0x18b78fe4540 of 132 bytes failed: Only part of a ReadProcessMemory or WriteProcessMemory request was completed. (0x12B)
[0416/130710.499:ERROR:process_memory_win.cc(73)] ReadMemory at 0x18b78fe47e0 of 132 bytes failed: Only part of a ReadProcessMemory or WriteProcessMemory request was completed. (0x12B)
[0416/130710.499:ERROR:process_memory_win.cc(73)] ReadMemory at 0x18b78fe4970 of 68 bytes failed: Only part of a ReadProcessMemory or WriteProcessMemory request was completed. (0x12B)
[0416/130710.499:ERROR:process_memory_win.cc(73)] ReadMemory at 0x18b78fe5a40 of 132 bytes failed: Only part of a ReadProcessMemory or WriteProcessMemory request was completed. (0x12B)
[0416/130710.499:ERROR:process_memory_win.cc(73)] ReadMemory at 0x18b78fe5bd0 of 154 bytes failed: Only part of a ReadProcessMemory or WriteProcessMemory request was completed. (0x12B)
[0416/130710.499:ERROR:process_memory_win.cc(73)] ReadMemory at 0x18b78fe7700 of 146 bytes failed: Only part of a ReadProcessMemory or WriteProcessMemory request was completed. (0x12B)
[0416/130710.499:ERROR:process_memory_win.cc(73)] ReadMemory at 0x18b78fe8880 of 62 bytes failed: Only part of a ReadProcessMemory or WriteProcessMemory request was completed. (0x12B)
[0416/130710.499:ERROR:process_memory_win.cc(73)] ReadMemory at 0x18b78fe89e0 of 132 bytes failed: Only part of a ReadProcessMemory or WriteProcessMemory request was completed. (0x12B)
[0416/130710.500:ERROR:process_memory_win.cc(73)] ReadMemory at 0x18b78fe8b70 of 60 bytes failed: Only part of a ReadProcessMemory or WriteProcessMemory request was completed. (0x12B)
[0416/130710.500:ERROR:process_memory_win.cc(73)] ReadMemory at 0x18b78fe9030 of 132 bytes failed: Only part of a ReadProcessMemory or WriteProcessMemory request was completed. (0x12B)
[0416/130710.500:ERROR:process_memory_win.cc(73)] ReadMemory at 0x18b78fec110 of 62 bytes failed: Only part of a ReadProcessMemory or WriteProcessMemory request was completed. (0x12B)
[0416/130710.500:ERROR:process_memory_win.cc(73)] ReadMemory at 0x18b78fec160 of 64 bytes failed: Only part of a ReadProcessMemory or WriteProcessMemory request was completed. (0x12B)
[0416/130710.500:ERROR:process_memory_win.cc(73)] ReadMemory at 0x18b78fec200 of 66 bytes failed: Only part of a ReadProcessMemory or WriteProcessMemory request was completed. (0x12B)
[0416/130710.500:ERROR:process_memory_win.cc(73)] ReadMemory at 0x18b78fec250 of 64 bytes failed: Only part of a ReadProcessMemory or WriteProcessMemory request was completed. (0x12B)
[0416/130710.500:ERROR:process_memory_win.cc(73)] ReadMemory at 0x18b78fec2a0 of 60 bytes failed: Only part of a ReadProcessMemory or WriteProcessMemory request was completed. (0x12B)
[0416/130710.500:ERROR:process_memory_win.cc(73)] ReadMemory at 0x18b78fec2f0 of 64 bytes failed: Only part of a ReadProcessMemory or WriteProcessMemory request was completed. (0x12B)
[0416/130710.500:ERROR:process_memory_win.cc(73)] ReadMemory at 0x18b78fec340 of 62 bytes failed: Only part of a ReadProcessMemory or WriteProcessMemory request was completed. (0x12B)
[0416/130710.500:ERROR:process_memory_win.cc(73)] ReadMemory at 0x18b78fec390 of 64 bytes failed: Only part of a ReadProcessMemory or WriteProcessMemory request was completed. (0x12B)
[0416/130710.500:ERROR:process_memory_win.cc(73)] ReadMemory at 0x18b78fec520 of 60 bytes failed: Only part of a ReadProcessMemory or WriteProcessMemory request was completed. (0x12B)
[0416/130710.500:ERROR:process_memory_win.cc(73)] ReadMemory at 0x18b78fec740 of 132 bytes failed: Only part of a ReadProcessMemory or WriteProcessMemory request was completed. (0x12B)
[0416/130710.500:ERROR:process_memory_win.cc(73)] ReadMemory at 0x18b78fec9a0 of 132 bytes failed: Only part of a ReadProcessMemory or WriteProcessMemory request was completed. (0x12B)
[0416/130710.500:ERROR:process_memory_win.cc(73)] ReadMemory at 0x18b78fecad0 of 132 bytes failed: Only part of a ReadProcessMemory or WriteProcessMemory request was completed. (0x12B)
[0416/130710.501:ERROR:process_memory_win.cc(73)] ReadMemory at 0x18b78fecc00 of 132 bytes failed: Only part of a ReadProcessMemory or WriteProcessMemory request was completed. (0x12B)
[0416/130710.501:ERROR:process_memory_win.cc(73)] ReadMemory at 0x18b78fecd30 of 132 bytes failed: Only part of a ReadProcessMemory or WriteProcessMemory request was completed. (0x12B)
[0416/130710.501:ERROR:process_memory_win.cc(73)] ReadMemory at 0x18b78fece60 of 132 bytes failed: Only part of a ReadProcessMemory or WriteProcessMemory request was completed. (0x12B)
[0416/130710.501:ERROR:process_memory_win.cc(73)] ReadMemory at 0x18b78fecf90 of 132 bytes failed: Only part of a ReadProcessMemory or WriteProcessMemory request was completed. (0x12B)
[0416/130710.501:ERROR:process_memory_win.cc(73)] ReadMemory at 0x18b78fed0c0 of 132 bytes failed: Only part of a ReadProcessMemory or WriteProcessMemory request was completed. (0x12B)
[0416/130710.501:ERROR:process_memory_win.cc(73)] ReadMemory at 0x18b78fed1f0 of 132 bytes failed: Only part of a ReadProcessMemory or WriteProcessMemory request was completed. (0x12B)
[0416/130710.501:ERROR:process_memory_win.cc(73)] ReadMemory at 0x18b78fed320 of 132 bytes failed: Only part of a ReadProcessMemory or WriteProcessMemory request was completed. (0x12B)
[0416/130710.501:ERROR:process_memory_win.cc(73)] ReadMemory at 0x18b78fed450 of 132 bytes failed: Only part of a ReadProcessMemory or WriteProcessMemory request was completed. (0x12B)
[0416/130710.501:ERROR:process_memory_win.cc(73)] ReadMemory at 0x18b78fed580 of 132 bytes failed: Only part of a ReadProcessMemory or WriteProcessMemory request was completed. (0x12B)
[0416/130710.501:ERROR:process_memory_win.cc(73)] ReadMemory at 0x18b78fede10 of 80 bytes failed: Only part of a ReadProcessMemory or WriteProcessMemory request was completed. (0x12B)
[0416/130710.501:ERROR:process_memory_win.cc(73)] ReadMemory at 0x18b78fee0b0 of 76 bytes failed: Only part of a ReadProcessMemory or WriteProcessMemory request was completed. (0x12B)
[0416/130710.501:ERROR:process_memory_win.cc(73)] ReadMemory at 0x18b78fefc40 of 54 bytes failed: Only part of a ReadProcessMemory or WriteProcessMemory request was completed. (0x12B)
[0416/130710.501:ERROR:process_memory_win.cc(73)] ReadMemory at 0x18b78ff0490 of 132 bytes failed: Only part of a ReadProcessMemory or WriteProcessMemory request was completed. (0x12B)
[0416/130710.501:ERROR:process_memory_win.cc(73)] ReadMemory at 0x18b78ff0c60 of 132 bytes failed: Only part of a ReadProcessMemory or WriteProcessMemory request was completed. (0x12B)
[0416/130710.501:ERROR:process_memory_win.cc(73)] ReadMemory at 0x18b78ff3200 of 132 bytes failed: Only part of a ReadProcessMemory or WriteProcessMemory request was completed. (0x12B)
[0416/130710.501:ERROR:process_memory_win.cc(73)] ReadMemory at 0x18b78ff3550 of 132 bytes failed: Only part of a ReadProcessMemory or WriteProcessMemory request was completed. (0x12B)
[0416/130710.501:ERROR:process_memory_win.cc(73)] ReadMemory at 0x18b78ff3680 of 132 bytes failed: Only part of a ReadProcessMemory or WriteProcessMemory request was completed. (0x12B)
[0416/130710.502:ERROR:process_memory_win.cc(73)] ReadMemory at 0x18b78ff5350 of 132 bytes failed: Only part of a ReadProcessMemory or WriteProcessMemory request was completed. (0x12B)
[0416/130710.502:ERROR:process_memory_win.cc(73)] ReadMemory at 0x18b78ff56b0 of 132 bytes failed: Only part of a ReadProcessMemory or WriteProcessMemory request was completed. (0x12B)
[0416/130710.502:ERROR:process_memory_win.cc(73)] ReadMemory at 0x18b78ff58c0 of 132 bytes failed: Only part of a ReadProcessMemory or WriteProcessMemory request was completed. (0x12B)
[0416/130710.502:ERROR:process_memory_win.cc(73)] ReadMemory at 0x18b78ff6d80 of 60 bytes failed: Only part of a ReadProcessMemory or WriteProcessMemory request was completed. (0x12B)
[0416/130710.502:ERROR:process_memory_win.cc(73)] ReadMemory at 0x18b78ff6e20 of 62 bytes failed: Only part of a ReadProcessMemory or WriteProcessMemory request was completed. (0x12B)
[0416/130710.502:ERROR:process_memory_win.cc(73)] ReadMemory at 0x18b78ff6e70 of 58 bytes failed: Only part of a ReadProcessMemory or WriteProcessMemory request was completed. (0x12B)
[0416/130710.502:ERROR:process_memory_win.cc(73)] ReadMemory at 0x18b78ff6f10 of 62 bytes failed: Only part of a ReadProcessMemory or WriteProcessMemory request was completed. (0x12B)
[0416/130710.502:ERROR:process_memory_win.cc(73)] ReadMemory at 0x18b78ff6f60 of 60 bytes failed: Only part of a ReadProcessMemory or WriteProcessMemory request was completed. (0x12B)
[0416/130710.502:ERROR:process_memory_win.cc(73)] ReadMemory at 0x18b78ff7000 of 60 bytes failed: Only part of a ReadProcessMemory or WriteProcessMemory request was completed. (0x12B)
[0416/130710.502:ERROR:process_memory_win.cc(73)] ReadMemory at 0x18b78ff7050 of 62 bytes failed: Only part of a ReadProcessMemory or WriteProcessMemory request was completed. (0x12B)
[0416/130710.502:ERROR:process_memory_win.cc(73)] ReadMemory at 0x18b78ff70a0 of 64 bytes failed: Only part of a ReadProcessMemory or WriteProcessMemory request was completed. (0x12B)
[0416/130710.502:ERROR:process_memory_win.cc(73)] ReadMemory at 0x18b78ff7140 of 62 bytes failed: Only part of a ReadProcessMemory or WriteProcessMemory request was completed. (0x12B)
[0416/130710.502:ERROR:process_memory_win.cc(73)] ReadMemory at 0x18b78ff71e0 of 62 bytes failed: Only part of a ReadProcessMemory or WriteProcessMemory request was completed. (0x12B)
[0416/130710.502:ERROR:process_memory_win.cc(73)] ReadMemory at 0x18b78ff7230 of 64 bytes failed: Only part of a ReadProcessMemory or WriteProcessMemory request was completed. (0x12B)
[0416/130710.502:ERROR:process_memory_win.cc(73)] ReadMemory at 0x18b78ff7280 of 66 bytes failed: Only part of a ReadProcessMemory or WriteProcessMemory request was completed. (0x12B)
[0416/130710.503:ERROR:process_memory_win.cc(73)] ReadMemory at 0x18b78ff7370 of 62 bytes failed: Only part of a ReadProcessMemory or WriteProcessMemory request was completed. (0x12B)
[0416/130710.503:ERROR:process_memory_win.cc(73)] ReadMemory at 0x18b78ff7410 of 62 bytes failed: Only part of a ReadProcessMemory or WriteProcessMemory request was completed. (0x12B)
[0416/130710.503:ERROR:process_memory_win.cc(73)] ReadMemory at 0x18b78ff7730 of 64 bytes failed: Only part of a ReadProcessMemory or WriteProcessMemory request was completed. (0x12B)
[0416/130710.503:ERROR:process_memory_win.cc(73)] ReadMemory at 0x18b78ff77d0 of 62 bytes failed: Only part of a ReadProcessMemory or WriteProcessMemory request was completed. (0x12B)
[0416/130710.503:ERROR:process_memory_win.cc(73)] ReadMemory at 0x18b78ff7870 of 64 bytes failed: Only part of a ReadProcessMemory or WriteProcessMemory request was completed. (0x12B)
[0416/130710.503:ERROR:process_memory_win.cc(73)] ReadMemory at 0x18b78ff7910 of 60 bytes failed: Only part of a ReadProcessMemory or WriteProcessMemory request was completed. (0x12B)
[0416/130710.503:ERROR:process_memory_win.cc(73)] ReadMemory at 0x18b78ff7a20 of 132 bytes failed: Only part of a ReadProcessMemory or WriteProcessMemory request was completed. (0x12B)
[0416/130710.503:ERROR:process_memory_win.cc(73)] ReadMemory at 0x18b78ff7b50 of 132 bytes failed: Only part of a ReadProcessMemory or WriteProcessMemory request was completed. (0x12B)
[0416/130710.503:ERROR:process_memory_win.cc(73)] ReadMemory at 0x18b78ff7db0 of 132 bytes failed: Only part of a ReadProcessMemory or WriteProcessMemory request was completed. (0x12B)
[0416/130710.503:ERROR:process_memory_win.cc(73)] ReadMemory at 0x18b78ff7ee0 of 132 bytes failed: Only part of a ReadProcessMemory or WriteProcessMemory request was completed. (0x12B)
[0416/130710.503:ERROR:process_memory_win.cc(73)] ReadMemory at 0x18b78ff8140 of 132 bytes failed: Only part of a ReadProcessMemory or WriteProcessMemory request was completed. (0x12B)
[0416/130710.503:ERROR:process_memory_win.cc(73)] ReadMemory at 0x18b78ff8600 of 132 bytes failed: Only part of a ReadProcessMemory or WriteProcessMemory request was completed. (0x12B)
[0416/130710.503:ERROR:process_memory_win.cc(73)] ReadMemory at 0x18b78ff90b0 of 132 bytes failed: Only part of a ReadProcessMemory or WriteProcessMemory request was completed. (0x12B)
[0416/130710.503:ERROR:process_memory_win.cc(73)] ReadMemory at 0x18b78ff91e0 of 132 bytes failed: Only part of a ReadProcessMemory or WriteProcessMemory request was completed. (0x12B)
[0416/130710.504:ERROR:process_memory_win.cc(73)] ReadMemory at 0x18b78ff9570 of 132 bytes failed: Only part of a ReadProcessMemory or WriteProcessMemory request was completed. (0x12B)
[0416/130710.504:ERROR:process_memory_win.cc(73)] ReadMemory at 0x18b78ff97d0 of 132 bytes failed: Only part of a ReadProcessMemory or WriteProcessMemory request was completed. (0x12B)
[0416/130710.504:ERROR:process_memory_win.cc(73)] ReadMemory at 0x18b7900ec30 of 512 bytes failed: Only part of a ReadProcessMemory or WriteProcessMemory request was completed. (0x12B)
[0416/130710.504:ERROR:process_memory_win.cc(73)] ReadMemory at 0x18b7900f9d0 of 512 bytes failed: Only part of a ReadProcessMemory or WriteProcessMemory request was completed. (0x12B)
[0416/130710.504:ERROR:process_memory_win.cc(73)] ReadMemory at 0x383750524398 of 512 bytes failed: Only part of a ReadProcessMemory or WriteProcessMemory request was completed. (0x12B)
[0416/130710.504:ERROR:process_memory_win.cc(73)] ReadMemory at 0x7ffed49c1650 of 512 bytes failed: Only part of a ReadProcessMemory or WriteProcessMemory request was completed. (0x12B)
[0416/130710.504:ERROR:process_memory_win.cc(73)] ReadMemory at 0x7ffed5fe3bfb of 512 bytes failed: Only part of a ReadProcessMemory or WriteProcessMemory request was completed. (0x12B)
[0416/130710.504:ERROR:process_memory_win.cc(73)] ReadMemory at 0x7ffeda3a5958 of 512 bytes failed: Only part of a ReadProcessMemory or WriteProcessMemory request was completed. (0x12B)
[0416/130710.504:ERROR:process_memory_win.cc(73)] ReadMemory at 0x7fff3e85c074 of 672 bytes failed: Only part of a ReadProcessMemory or WriteProcessMemory request was completed. (0x12B)
[0416/130710.504:ERROR:process_memory_win.cc(73)] ReadMemory at 0x7fff3e85c674 of 512 bytes failed: Only part of a ReadProcessMemory or WriteProcessMemory request was completed. (0x12B)
[0416/130710.504:ERROR:process_memory_win.cc(73)] ReadMemory at 0x7fff3e85f984 of 512 bytes failed: Only part of a ReadProcessMemory or WriteProcessMemory request was completed. (0x12B)
[0416/130710.504:ERROR:process_memory_win.cc(73)] ReadMemory at 0x7fff3e8ec428 of 18 bytes failed: Only part of a ReadProcessMemory or WriteProcessMemory request was completed. (0x12B)
[0416/130710.505:ERROR:process_memory_win.cc(73)] ReadMemory at 0x7fff3e91f4f8 of 40 bytes failed: Only part of a ReadProcessMemory or WriteProcessMemory request was completed. (0x12B)
[0416/130710.505:ERROR:process_memory_win.cc(73)] ReadMemory at 0x7fff3e91f978 of 48 bytes failed: Only part of a ReadProcessMemory or WriteProcessMemory request was completed. (0x12B)
[0416/130710.505:ERROR:process_memory_win.cc(73)] ReadMemory at 0x7fff3e9253c0 of 64 bytes failed: Only part of a ReadProcessMemory or WriteProcessMemory request was completed. (0x12B)
[0416/130710.508:ERROR:scoped_process_suspend.cc(40)] NtResumeProcess: An attempt was made to access an exiting process. (0xc000010a)
